<?xml version="1.0" encoding="UTF-8"?>
<!-- Generated by org.testng.reporters.JUnitReportReporter -->
<testsuite hostname="NLPULTP8105034" failures="0" tests="2" name="orangeHRM.testCases.LeaveTC" time="34.545" errors="0" timestamp="16 Jul 2024 17:32:49 GMT">
  <testcase classname="orangeHRM.testCases.LeaveTC" name="applyLeaveTC" time="14.818"/>
  <testcase classname="orangeHRM.testCases.LeaveTC" name="cancelLeaveTC" time="19.727"/>
</testsuite> <!-- orangeHRM.testCases.LeaveTC -->
