<?xml version="1.0" encoding="UTF-8"?>
<!-- Generated by org.testng.reporters.JUnitReportReporter -->
<testsuite hostname="NLPULTP8105034" failures="0" tests="1" name="testCases.orangeHRM.LeaveTC" time="30.087" errors="0" timestamp="7 Jul 2024 14:09:32 GMT">
  <testcase classname="testCases.orangeHRM.LeaveTC" name="cancelLeaveTC" time="30.087"/>
</testsuite> <!-- testCases.orangeHRM.LeaveTC -->
