<?xml version="1.0" encoding="UTF-8"?>
<!-- Generated by org.testng.reporters.JUnitReportReporter -->
<testsuite hostname="NLPULTP8105034" failures="0" tests="1" name="testCases.orangeHRM.Leave" time="29.484" errors="0" timestamp="17 Jun 2024 15:24:36 GMT">
  <testcase classname="testCases.orangeHRM.Leave" name="ApplyLeave" time="29.484"/>
</testsuite> <!-- testCases.orangeHRM.Leave -->
