<?xml version="1.0" encoding="UTF-8"?>
<!-- Generated by org.testng.reporters.JUnitReportReporter -->
<testsuite hostname="NLPULTP8105034" failures="0" tests="2" name="orangeHRM.testCases.LoginTC" time="22.746" errors="0" timestamp="16 Jul 2024 17:32:49 GMT">
  <testcase classname="orangeHRM.testCases.LoginTC" name="loginApplication" time="9.152"/>
  <testcase classname="orangeHRM.testCases.LoginTC" name="logOutApplication" time="13.594"/>
</testsuite> <!-- orangeHRM.testCases.LoginTC -->
