<?xml version="1.0" encoding="UTF-8"?>
<!-- Generated by org.testng.reporters.JUnitReportReporter -->
<testsuite hostname="NLPULTP8105034" failures="0" tests="2" name="testCases.orangeHRM.LoginTC" time="32.284" errors="0" timestamp="16 Jun 2024 16:25:28 GMT">
  <testcase classname="testCases.orangeHRM.LoginTC" name="loginApplication" time="11.817"/>
  <testcase classname="testCases.orangeHRM.LoginTC" name="logOutApplication" time="20.467"/>
</testsuite> <!-- testCases.orangeHRM.LoginTC -->
